<?xml version="1.0" encoding="UTF-8"?>
<!-- Generated by org.testng.reporters.JUnitReportReporter -->
<testsuite skipped="0" hostname="shahbaz-PC" name="Academy.E2E_Project_New.HomePage" tests="3" failures="0" timestamp="03 Jan 2019 13:07:19 GMT" time="4.477" errors="0">
  <testcase name="MainPageNavigation" time="1.263" classname="Academy.E2E_Project_New.HomePage"/>
  <testcase name="MainPageNavigation" time="1.333" classname="Academy.E2E_Project_New.HomePage"/>
  <testcase name="MainPageNavigation" time="1.881" classname="Academy.E2E_Project_New.HomePage"/>
</testsuite> <!-- Academy.E2E_Project_New.HomePage -->
